<?xml version="1.0" encoding="UTF-8"?>
<!-- Generated by org.testng.reporters.JUnitReportReporter -->
<testsuite hostname="collaberas-mbp" failures="0" tests="4" name="test.GesturesAndAnnotationTest" time="8.375" errors="0" timestamp="2023-05-26T16:15:06 PST" skipped="0">
  <testcase classname="test.GesturesAndAnnotationTest" name="dragFromToForDurationDemo" time="3.250"/>
  <system-out/>
  <testcase classname="test.GesturesAndAnnotationTest" name="swipeDemo" time="2.036"/>
  <system-out/>
  <testcase classname="test.GesturesAndAnnotationTest" name="scrollDemo" time="1.212"/>
  <system-out/>
  <testcase classname="test.GesturesAndAnnotationTest" name="doubleTapDemo" time="1.877"/>
  <system-out/>
</testsuite> <!-- test.GesturesAndAnnotationTest -->
