<?xml version="1.0" encoding="UTF-8"?>
<!-- Generated by org.testng.reporters.JUnitReportReporter -->
<testsuite hostname="collaberas-mbp" failures="0" tests="4" name="test.gesturesDemoTest" time="8.255" errors="0" timestamp="2023-05-25T15:10:55 PST" skipped="0">
  <testcase classname="test.gesturesDemoTest" name="dragFromToForDurationDemo" time="3.268"/>
  <system-out/>
  <testcase classname="test.gesturesDemoTest" name="swipeDemo" time="2.000"/>
  <system-out/>
  <testcase classname="test.gesturesDemoTest" name="scrollDemo" time="1.212"/>
  <system-out/>
  <testcase classname="test.gesturesDemoTest" name="doubleTapDemo" time="1.775"/>
  <system-out/>
</testsuite> <!-- test.gesturesDemoTest -->
