<?xml version="1.0" encoding="UTF-8"?>
<!-- Generated by org.testng.reporters.JUnitReportReporter -->
<testsuite hostname="collaberas-mbp" failures="0" tests="4" name="test.gesturesAndAnnotationTest" time="8.446" errors="0" timestamp="2023-05-25T17:09:24 PST" skipped="0">
  <testcase classname="test.gesturesAndAnnotationTest" name="dragFromToForDurationDemo" time="3.393"/>
  <system-out/>
  <testcase classname="test.gesturesAndAnnotationTest" name="swipeDemo" time="1.995"/>
  <system-out/>
  <testcase classname="test.gesturesAndAnnotationTest" name="scrollDemo" time="1.225"/>
  <system-out/>
  <testcase classname="test.gesturesAndAnnotationTest" name="doubleTapDemo" time="1.833"/>
  <system-out/>
</testsuite> <!-- test.gesturesAndAnnotationTest -->
